<?xml version="1.0" encoding="UTF-8"?>
<testng-results skipped="0" failed="0" total="1" passed="1">
  <reporter-output>
  </reporter-output>
  <suite name="Default suite" duration-ms="48172" started-at="2016-01-19T09:55:49Z" finished-at="2016-01-19T09:56:37Z">
    <groups>
    </groups>
    <test name="Default test" duration-ms="48172" started-at="2016-01-19T09:55:49Z" finished-at="2016-01-19T09:56:37Z">
      <class name="anusha.TestApp">
        <test-method status="PASS" signature="setUp()[pri:0, instance:anusha.TestApp@11531931]" name="setUp" is-config="true" duration-ms="11876" started-at="2016-01-19T15:25:49Z" finished-at="2016-01-19T15:26:01Z">
          <reporter-output>
          </reporter-output>
        </test-method> <!-- setUp -->
        <test-method status="PASS" signature="test()[pri:0, instance:anusha.TestApp@11531931]" name="test" duration-ms="35504" started-at="2016-01-19T15:26:01Z" finished-at="2016-01-19T15:26:36Z">
          <reporter-output>
          </reporter-output>
        </test-method> <!-- test -->
        <test-method status="PASS" signature="tearDown()[pri:0, instance:anusha.TestApp@11531931]" name="tearDown" is-config="true" duration-ms="775" started-at="2016-01-19T15:26:36Z" finished-at="2016-01-19T15:26:37Z">
          <reporter-output>
          </reporter-output>
        </test-method> <!-- tearDown -->
      </class> <!-- anusha.TestApp -->
    </test> <!-- Default test -->
  </suite> <!-- Default suite -->
</testng-results>
